<?xml version="1.0" encoding="UTF-8"?>
<!-- Generated by org.testng.reporters.JUnitReportReporter -->
<testsuite hostname="LAPTOP-419HV3V4" failures="0" tests="2" name="tests.SauceLoginTest" time="0.982" errors="0" timestamp="2025-10-17T15:36:12 IST" skipped="0">
  <testcase classname="tests.SauceLoginTest" name="loginTest" time="0.397"/>
  <testcase classname="tests.SauceLoginTest" name="checkOutTest" time="0.585"/>
</testsuite> <!-- tests.SauceLoginTest -->
