<?xml version="1.0" encoding="UTF-8"?>
<!-- Generated by org.testng.reporters.JUnitReportReporter -->
<testsuite hostname="LAPTOP-419HV3V4" failures="0" tests="1" name="tests.SauceDataProvider" time="2.455" errors="0" timestamp="2025-10-14T13:01:55 IST" skipped="0">
  <testcase classname="tests.SauceDataProvider" name="test" time="2.455"/>
</testsuite> <!-- tests.SauceDataProvider -->
